mode: set
github.com/foecum/google-code-jam/happy-pancakes/main.go:8.13,12.37 3 0
github.com/foecum/google-code-jam/happy-pancakes/main.go:12.37,18.3 4 0
github.com/foecum/google-code-jam/happy-pancakes/main.go:21.51,24.34 3 1
github.com/foecum/google-code-jam/happy-pancakes/main.go:38.2,38.19 1 1
github.com/foecum/google-code-jam/happy-pancakes/main.go:24.34,25.15 1 1
github.com/foecum/google-code-jam/happy-pancakes/main.go:28.3,28.43 1 1
github.com/foecum/google-code-jam/happy-pancakes/main.go:36.3,36.15 1 1
github.com/foecum/google-code-jam/happy-pancakes/main.go:25.15,26.12 1 1
github.com/foecum/google-code-jam/happy-pancakes/main.go:28.43,29.28 1 1
github.com/foecum/google-code-jam/happy-pancakes/main.go:30.13,31.27 1 1
github.com/foecum/google-code-jam/happy-pancakes/main.go:32.13,33.27 1 1
github.com/foecum/google-code-jam/happy-pancakes/main.go:41.31,46.22 3 1
github.com/foecum/google-code-jam/happy-pancakes/main.go:50.2,50.30 1 1
github.com/foecum/google-code-jam/happy-pancakes/main.go:46.22,49.3 2 1
